This is XeTeX, Version 3.141592653-2.6-0.999997 (MiKTeX 25.12) (preloaded format=xelatex 2026.5.28)  29 MAY 2026 11:37
entering extended mode
 restricted \write18 enabled.
 %&-line parsing enabled.
**./tex-new/avancado/probabilidade/probabilidade.tex
(tex-new/avancado/probabilidade/probabilidade.tex
LaTeX2e <2025-11-01>
L3 programming layer <2025-12-24>
(C:\Users\maximovrm\AppData\Local\Programs\MiKTeX\tex/latex/base\article.cls
Document Class: article 2025/01/22 v1.4n Standard LaTeX document class
(C:\Users\maximovrm\AppData\Local\Programs\MiKTeX\tex/latex/base\size12.clo
File: size12.clo 2025/01/22 v1.4n Standard LaTeX file (size option)
)
\c@part=\count271
\c@section=\count272
\c@subsection=\count273
\c@subsubsection=\count274
\c@paragraph=\count275
\c@subparagraph=\count276
\c@figure=\count277
\c@table=\count278
\abovecaptionskip=\skip49
\belowcaptionskip=\skip50
\bibindent=\dimen148
)
(C:\Users\maximovrm\git\PratiqueJa\PratiqueJa\tex-new\pratiqueja.sty

LaTeX Warning: You have requested package `../../pratiqueja',
               but the package provides `pratiqueja'.

Package: pratiqueja 2026/05/28 PratiqueJa Apostila Template
(C:\Users\maximovrm\AppData\Local\Programs\MiKTeX\tex/generic/babel\babel.sty
Package: babel 2025/12/11 v25.17 The multilingual framework for LuaLaTeX, pdfLa
TeX and XeLaTeX
\babel@savecnt=\count279
LaTeX Encoding Info:    Redeclaring text command \ij (encoding OT1) on input li
ne 2068.
LaTeX Encoding Info:    Redeclaring text command \IJ (encoding OT1) on input li
ne 2070.
LaTeX Encoding Info:    Redeclaring text command \ij (encoding T1) on input lin
e 2072.
LaTeX Encoding Info:    Redeclaring text command \IJ (encoding T1) on input lin
e 2073.
LaTeX Encoding Info:    Ignoring declaration for text command \ij (encoding ?) 
on input line 2074.
LaTeX Encoding Info:    Ignoring declaration for text command \IJ (encoding ?) 
on input line 2076.
LaTeX Encoding Info:    Ignoring declaration for text command \SS (encoding ?) 
on input line 2101.
\U@D=\dimen149
\l@unhyphenated=\language79

(C:\Users\maximovrm\AppData\Local\Programs\MiKTeX\tex/generic/babel\xebabel.def
)
\bbl@readstream=\read2
\bbl@dirlevel=\count280
Package babel Info: Configuration files are deprecated, as
(babel)             they can break document portability.
(babel)             Reported on input line 4196.

*************************************
* Local config file bblopts.cfg used
*
(C:\Users\maximovrm\AppData\Local\Programs\MiKTeX\tex/latex/arabi\bblopts.cfg
File: bblopts.cfg 2005/09/08 v0.1 add Arabic and Farsi to "declared" options of
 babel
)
(C:\Users\maximovrm\AppData\Local\Programs\MiKTeX\tex/generic/babel/locale/inva
lid\babel-brazil.tex)

Package babel Warning: Name 'brazil' is deprecated.
(babel)                Use 'brazilian' instead.
(babel)                Reported on input line 4320.

Package babel Info: Importing font and identification data for brazil
(babel)             from babel-pt-BR.ini. Reported on input line 4320.

(C:\Users\maximovrm\AppData\Local\Programs\MiKTeX\tex/latex/babel-portuges\braz
ilian.ldf
Language: portuges 2026/01/24 v1.2u Portuguese support from the babel system
Package babel Info: Hyphen rules for 'brazil' set to \l@portuguese
(babel)             (\language56). Reported on input line 100.
Package babel Info: Making " an active character on input line 132.
))
(C:\Users\maximovrm\AppData\Local\Programs\MiKTeX\tex/latex/fontspec\fontspec.s
ty
(C:\Users\maximovrm\AppData\Local\Programs\MiKTeX\tex/latex/l3packages/xparse\x
parse.sty
(C:\Users\maximovrm\AppData\Local\Programs\MiKTeX\tex/latex/l3kernel\expl3.sty
Package: expl3 2025-12-24 L3 programming layer (loader) 

(C:\Users\maximovrm\AppData\Local\Programs\MiKTeX\tex/latex/l3backend\l3backend
-xetex.def
File: l3backend-xetex.def 2025-10-09 L3 backend support: XeTeX
\g__graphics_track_int=\count281
\g__pdfannot_backend_int=\count282
\g__pdfannot_backend_link_int=\count283
))
Package: xparse 2025-10-09 L3 Experimental document command parser
)
Package: fontspec 2025/09/29 v2.9g Font selection for XeLaTeX and LuaLaTeX

(C:\Users\maximovrm\AppData\Local\Programs\MiKTeX\tex/latex/fontspec\fontspec-x
etex.sty
Package: fontspec-xetex 2025/09/29 v2.9g Font selection for XeLaTeX and LuaLaTe
X
\l__fontspec_script_int=\count284
\l__fontspec_language_int=\count285
\l__fontspec_strnum_int=\count286
\l__fontspec_tmp_int=\count287
\l__fontspec_tmpa_int=\count288
\l__fontspec_tmpb_int=\count289
\l__fontspec_tmpc_int=\count290
\l__fontspec_em_int=\count291
\l__fontspec_emdef_int=\count292
\l__fontspec_strong_int=\count293
\l__fontspec_strongdef_int=\count294
\l__fontspec_tmpa_dim=\dimen150
\l__fontspec_tmpb_dim=\dimen151
\l__fontspec_tmpc_dim=\dimen152

(C:\Users\maximovrm\AppData\Local\Programs\MiKTeX\tex/latex/base\fontenc.sty
Package: fontenc 2025/07/18 v2.1d Standard LaTeX package
)
(C:\Users\maximovrm\AppData\Local\Programs\MiKTeX\tex/latex/fontspec\fontspec.c
fg)))

Package fontspec Info: 
(fontspec)             Font family 'Inter18pt(0)' created for font 'Inter
(fontspec)             18pt' with options [Ligatures=TeX].
(fontspec)              
(fontspec)              This font family consists of the following NFSS
(fontspec)             series/shapes:
(fontspec)              
(fontspec)             - 'normal' (m/n) with NFSS spec.: <->"Inter
(fontspec)             18pt/OT:script=latn;language=dflt;mapping=tex-text;"
(fontspec)             - 'bold' (b/n) with NFSS spec.: <->"Inter
(fontspec)             18pt/B/OT:script=latn;language=dflt;mapping=tex-text;"
(fontspec)             - 'italic' (m/it) with NFSS spec.: <->"Inter
(fontspec)             18pt/I/OT:script=latn;language=dflt;mapping=tex-text;"
(fontspec)             - 'bold italic' (b/it) with NFSS spec.: <->"Inter
(fontspec)             18pt/BI/OT:script=latn;language=dflt;mapping=tex-text;"


(C:\Users\maximovrm\AppData\Local\Programs\MiKTeX\tex/latex/microtype\microtype
.sty
Package: microtype 2026/03/01 v3.2d Micro-typographical refinements (RS)

(C:\Users\maximovrm\AppData\Local\Programs\MiKTeX\tex/latex/graphics\keyval.sty
Package: keyval 2022/05/29 v1.15 key=value parser (DPC)
\KV@toks@=\toks17
)
(C:\Users\maximovrm\AppData\Local\Programs\MiKTeX\tex/latex/etoolbox\etoolbox.s
ty
Package: etoolbox 2025/10/02 v2.5m e-TeX tools for LaTeX (JAW)
\etb@tempcnta=\count295
)
\MT@toks=\toks18
\MT@tempbox=\box53
\MT@count=\count296
LaTeX Info: Redefining \noprotrusionifhmode on input line 1084.
LaTeX Info: Redefining \leftprotrusion on input line 1085.
\MT@prot@toks=\toks19
LaTeX Info: Redefining \rightprotrusion on input line 1104.
LaTeX Info: Redefining \textls on input line 1449.
\MT@outer@kern=\dimen153
LaTeX Info: Redefining \microtypecontext on input line 2053.
LaTeX Info: Redefining \textmicrotypecontext on input line 2070.
\MT@listname@count=\count297

(C:\Users\maximovrm\AppData\Local\Programs\MiKTeX\tex/latex/microtype\microtype
-xetex.def
File: microtype-xetex.def 2026/03/01 v3.2d Definitions specific to xetex (RS)
LaTeX Info: Redefining \lsstyle on input line 443.
LaTeX Info: Redefining \lslig on input line 451.
\MT@outer@space=\skip51
)
Package microtype Info: Loading configuration file microtype.cfg.

(C:\Users\maximovrm\AppData\Local\Programs\MiKTeX\tex/latex/microtype\microtype
.cfg
File: microtype.cfg 2026/03/01 v3.2d microtype main configuration file (RS)
)
LaTeX Info: Redefining \microtypesetup on input line 3065.
)
(C:\Users\maximovrm\AppData\Local\Programs\MiKTeX\tex/latex/geometry\geometry.s
ty
Package: geometry 2026/03/07 v6.0 Page Geometry

(C:\Users\maximovrm\AppData\Local\Programs\MiKTeX\tex/generic/iftex\ifvtex.sty
Package: ifvtex 2019/10/25 v1.7 ifvtex legacy package. Use iftex instead.

(C:\Users\maximovrm\AppData\Local\Programs\MiKTeX\tex/generic/iftex\iftex.sty
Package: iftex 2024/12/12 v1.0g TeX engine tests
))
\Gm@cnth=\count298
\Gm@cntv=\count299
\c@Gm@tempcnt=\count300
\Gm@bindingoffset=\dimen154
\Gm@wd@mp=\dimen155
\Gm@odd@mp=\dimen156
\Gm@even@mp=\dimen157
\Gm@layoutwidth=\dimen158
\Gm@layoutheight=\dimen159
\Gm@layouthoffset=\dimen160
\Gm@layoutvoffset=\dimen161
\Gm@dimlist=\toks20

(C:\Users\maximovrm\AppData\Local\Programs\MiKTeX\tex/latex/geometry\geometry.c
fg))
(C:\Users\maximovrm\AppData\Local\Programs\MiKTeX\tex/latex/xcolor\xcolor.sty
Package: xcolor 2024/09/29 v3.02 LaTeX color extensions (UK)

(C:\Users\maximovrm\AppData\Local\Programs\MiKTeX\tex/latex/graphics-cfg\color.
cfg
File: color.cfg 2016/01/02 v1.6 sample color configuration
)
Package xcolor Info: Driver file: xetex.def on input line 274.

(C:\Users\maximovrm\AppData\Local\Programs\MiKTeX\tex/latex/graphics-def\xetex.
def
File: xetex.def 2025/11/01 v5.0p Graphics/color driver for xetex
)
(C:\Users\maximovrm\AppData\Local\Programs\MiKTeX\tex/latex/graphics\mathcolor.
ltx)
Package xcolor Info: Model `cmy' substituted by `cmy0' on input line 1349.
Package xcolor Info: Model `RGB' extended on input line 1365.
Package xcolor Info: Model `HTML' substituted by `rgb' on input line 1367.
Package xcolor Info: Model `Hsb' substituted by `hsb' on input line 1368.
Package xcolor Info: Model `tHsb' substituted by `hsb' on input line 1369.
Package xcolor Info: Model `HSB' substituted by `hsb' on input line 1370.
Package xcolor Info: Model `Gray' substituted by `gray' on input line 1371.
Package xcolor Info: Model `wave' substituted by `hsb' on input line 1372.
)
(C:\Users\maximovrm\AppData\Local\Programs\MiKTeX\tex/latex/graphics\dvipsnam.d
ef
File: dvipsnam.def 2016/06/17 v3.0m Driver-dependent file (DPC,SPQR)
)
(C:\Users\maximovrm\AppData\Local\Programs\MiKTeX\tex/latex/xcolor\svgnam.def
File: svgnam.def 2024/09/29 v3.02 Predefined colors according to SVG 1.1 (UK)
)
(C:\Users\maximovrm\AppData\Local\Programs\MiKTeX\tex/latex/colortbl\colortbl.s
ty
Package: colortbl 2026/05/01 v1.0l Color table columns (DPC)
 (C:\Users\maximovrm\AppData\Local\Programs\MiKTeX\tex/latex/tools\array.sty
Package: array 2025/09/25 v2.6n Tabular extension package (FMi)
\col@sep=\dimen162
\ar@mcellbox=\box54
\extrarowheight=\dimen163
\NC@list=\toks21
\extratabsurround=\skip52
\backup@length=\skip53
\ar@cellbox=\box55
)
\everycr=\toks22
\minrowclearance=\skip54
\rownum=\count301
)
(C:\Users\maximovrm\AppData\Local\Programs\MiKTeX\tex/latex/amsmath\amsmath.sty
Package: amsmath 2025/07/09 v2.17z AMS math features
\@mathmargin=\skip55
For additional information on amsmath, use the `?' option.

(C:\Users\maximovrm\AppData\Local\Programs\MiKTeX\tex/latex/amsmath\amstext.sty
Package: amstext 2024/11/17 v2.01 AMS text
(C:\Users\maximovrm\AppData\Local\Programs\MiKTeX\tex/latex/amsmath\amsgen.sty
File: amsgen.sty 1999/11/30 v2.0 generic functions
\@emptytoks=\toks23
\ex@=\dimen164
))
(C:\Users\maximovrm\AppData\Local\Programs\MiKTeX\tex/latex/amsmath\amsbsy.sty
Package: amsbsy 1999/11/29 v1.2d Bold Symbols
\pmbraise@=\dimen165
) (C:\Users\maximovrm\AppData\Local\Programs\MiKTeX\tex/latex/amsmath\amsopn.st
y
Package: amsopn 2022/04/08 v2.04 operator names
)
\inf@bad=\count302
LaTeX Info: Redefining \frac on input line 233.
\uproot@=\count303
\leftroot@=\count304
LaTeX Info: Redefining \overline on input line 398.
LaTeX Info: Redefining \colon on input line 409.
\classnum@=\count305
\DOTSCASE@=\count306
LaTeX Info: Redefining \ldots on input line 495.
LaTeX Info: Redefining \dots on input line 498.
LaTeX Info: Redefining \cdots on input line 619.
\Mathstrutbox@=\box56
\strutbox@=\box57
LaTeX Info: Redefining \big on input line 721.
LaTeX Info: Redefining \Big on input line 722.
LaTeX Info: Redefining \bigg on input line 723.
LaTeX Info: Redefining \Bigg on input line 724.
\big@size=\dimen166
LaTeX Font Info:    Redeclaring font encoding OML on input line 742.
LaTeX Font Info:    Redeclaring font encoding OMS on input line 743.
\macc@depth=\count307
LaTeX Info: Redefining \bmod on input line 904.
LaTeX Info: Redefining \pmod on input line 909.
LaTeX Info: Redefining \smash on input line 939.
LaTeX Info: Redefining \relbar on input line 969.
LaTeX Info: Redefining \Relbar on input line 970.
\c@MaxMatrixCols=\count308
\dotsspace@=\muskip17
\c@parentequation=\count309
\dspbrk@lvl=\count310
\tag@help=\toks24
\row@=\count311
\column@=\count312
\maxfields@=\count313
\andhelp@=\toks25
\eqnshift@=\dimen167
\alignsep@=\dimen168
\tagshift@=\dimen169
\tagwidth@=\dimen170
\totwidth@=\dimen171
\lineht@=\dimen172
\@envbody=\toks26
\multlinegap=\skip56
\multlinetaggap=\skip57
\mathdisplay@stack=\toks27
LaTeX Info: Redefining \[ on input line 2950.
LaTeX Info: Redefining \] on input line 2951.
)
(C:\Users\maximovrm\AppData\Local\Programs\MiKTeX\tex/latex/amsfonts\amssymb.st
y
Package: amssymb 2013/01/14 v3.01 AMS font symbols

(C:\Users\maximovrm\AppData\Local\Programs\MiKTeX\tex/latex/amsfonts\amsfonts.s
ty
Package: amsfonts 2013/01/14 v3.01 Basic AMSFonts support
\symAMSa=\mathgroup4
\symAMSb=\mathgroup5
LaTeX Font Info:    Redeclaring math symbol \hbar on input line 98.
LaTeX Font Info:    Overwriting math alphabet `\mathfrak' in version `bold'
(Font)                  U/euf/m/n --> U/euf/b/n on input line 106.
))
(C:\Users\maximovrm\AppData\Local\Programs\MiKTeX\tex/latex/tools\multicol.sty
Package: multicol 2025/10/21 v2.0b multicolumn formatting (FMi)
\c@tracingmulticols=\count314
\mult@box=\box58
\multicol@leftmargin=\dimen173
\c@unbalance=\count315
\c@collectmore=\count316
\doublecol@number=\count317
\multicoltolerance=\count318
\multicolpretolerance=\count319
\full@width=\dimen174
\page@free=\dimen175
\premulticols=\dimen176
\postmulticols=\dimen177
\multicolsep=\skip58
\multicolbaselineskip=\skip59
\partial@page=\box59
\last@line=\box60
\mc@boxedresult=\box61
\maxbalancingoverflow=\dimen178
\mult@rightbox=\box62
\mult@grightbox=\box63
\mult@firstbox=\box64
\mult@gfirstbox=\box65
\@tempa=\box66
\@tempa=\box67
\@tempa=\box68
\@tempa=\box69
\@tempa=\box70
\@tempa=\box71
\@tempa=\box72
\@tempa=\box73
\@tempa=\box74
\@tempa=\box75
\@tempa=\box76
\@tempa=\box77
\@tempa=\box78
\@tempa=\box79
\@tempa=\box80
\@tempa=\box81
\@tempa=\box82
\@tempa=\box83
\@tempa=\box84
\@tempa=\box85
\@tempa=\box86
\@tempa=\box87
\@tempa=\box88
\@tempa=\box89
\@tempa=\box90
\@tempa=\box91
\@tempa=\box92
\@tempa=\box93
\@tempa=\box94
\@tempa=\box95
\@tempa=\box96
\@tempa=\box97
\@tempa=\box98
\@tempa=\box99
\@tempa=\box100
\@tempa=\box101
\c@minrows=\count320
\c@columnbadness=\count321
\c@finalcolumnbadness=\count322
\last@try=\dimen179
\multicolovershoot=\dimen180
\multicolundershoot=\dimen181
\mult@nat@firstbox=\box102
\colbreak@box=\box103
\mc@col@check@num=\count323
\g__mc_curr_col_int=\count324
)
(C:\Users\maximovrm\AppData\Local\Programs\MiKTeX\tex/latex/setspace\setspace.s
ty
Package: setspace 2022/12/04 v6.7b set line spacing
)
(C:\Users\maximovrm\AppData\Local\Programs\MiKTeX\tex/latex/parskip\parskip.sty
Package: parskip 2021-03-14 v2.0h non-zero parskip adjustments

(C:\Users\maximovrm\AppData\Local\Programs\MiKTeX\tex/latex/kvoptions\kvoptions
.sty
Package: kvoptions 2022-06-15 v3.15 Key value format for package options (HO)

(C:\Users\maximovrm\AppData\Local\Programs\MiKTeX\tex/generic/ltxcmds\ltxcmds.s
ty
Package: ltxcmds 2023-12-04 v1.26 LaTeX kernel commands for general use (HO)
)
(C:\Users\maximovrm\AppData\Local\Programs\MiKTeX\tex/latex/kvsetkeys\kvsetkeys
.sty
Package: kvsetkeys 2022-10-05 v1.19 Key value parser (HO)
)))
(C:\Users\maximovrm\AppData\Local\Programs\MiKTeX\tex/latex/graphics\graphicx.s
ty
Package: graphicx 2024/12/31 v1.2e Enhanced LaTeX Graphics (DPC,SPQR)

(C:\Users\maximovrm\AppData\Local\Programs\MiKTeX\tex/latex/graphics\graphics.s
ty
Package: graphics 2024/08/06 v1.4g Standard LaTeX Graphics (DPC,SPQR)

(C:\Users\maximovrm\AppData\Local\Programs\MiKTeX\tex/latex/graphics\trig.sty
Package: trig 2023/12/02 v1.11 sin cos tan (DPC)
)
(C:\Users\maximovrm\AppData\Local\Programs\MiKTeX\tex/latex/graphics-cfg\graphi
cs.cfg
File: graphics.cfg 2016/06/04 v1.11 sample graphics configuration
)
Package graphics Info: Driver file: xetex.def on input line 106.
)
\Gin@req@height=\dimen182
\Gin@req@width=\dimen183
)
(C:\Users\maximovrm\AppData\Local\Programs\MiKTeX\tex/latex/needspace\needspace
.sty
Package: needspace 2025/03/13 v1.3e reserve vertical space
)
(C:\Users\maximovrm\AppData\Local\Programs\MiKTeX\tex/latex/tcolorbox\tcolorbox
.sty
Package: tcolorbox 2025/11/28 version 6.9.0 text color boxes

(C:\Users\maximovrm\AppData\Local\Programs\MiKTeX\tex/latex/pgf/frontendlayer\t
ikz.sty
(C:\Users\maximovrm\AppData\Local\Programs\MiKTeX\tex/latex/pgf/basiclayer\pgf.
sty
(C:\Users\maximovrm\AppData\Local\Programs\MiKTeX\tex/latex/pgf/utilities\pgfrc
s.sty
(C:\Users\maximovrm\AppData\Local\Programs\MiKTeX\tex/generic/pgf/utilities\pgf
util-common.tex
\pgfutil@everybye=\toks28
\pgfutil@tempdima=\dimen184
\pgfutil@tempdimb=\dimen185
)
(C:\Users\maximovrm\AppData\Local\Programs\MiKTeX\tex/generic/pgf/utilities\pgf
util-latex.def
\pgfutil@abb=\box104
)
(C:\Users\maximovrm\AppData\Local\Programs\MiKTeX\tex/generic/pgf/utilities\pgf
rcs.code.tex
(C:\Users\maximovrm\AppData\Local\Programs\MiKTeX\tex/generic/pgf\pgf.revision.
tex)
Package: pgfrcs 2025-08-29 v3.1.11a (3.1.11a)
))
Package: pgf 2025-08-29 v3.1.11a (3.1.11a)

(C:\Users\maximovrm\AppData\Local\Programs\MiKTeX\tex/latex/pgf/basiclayer\pgfc
ore.sty
(C:\Users\maximovrm\AppData\Local\Programs\MiKTeX\tex/latex/pgf/systemlayer\pgf
sys.sty
(C:\Users\maximovrm\AppData\Local\Programs\MiKTeX\tex/generic/pgf/systemlayer\p
gfsys.code.tex
Package: pgfsys 2025-08-29 v3.1.11a (3.1.11a)

(C:\Users\maximovrm\AppData\Local\Programs\MiKTeX\tex/generic/pgf/utilities\pgf
keys.code.tex
\pgfkeys@pathtoks=\toks29
\pgfkeys@temptoks=\toks30

(C:\Users\maximovrm\AppData\Local\Programs\MiKTeX\tex/generic/pgf/utilities\pgf
keyslibraryfiltered.code.tex
\pgfkeys@tmptoks=\toks31
))
\pgf@x=\dimen186
\pgf@y=\dimen187
\pgf@xa=\dimen188
\pgf@ya=\dimen189
\pgf@xb=\dimen190
\pgf@yb=\dimen191
\pgf@xc=\dimen192
\pgf@yc=\dimen193
\pgf@xd=\dimen194
\pgf@yd=\dimen195
\w@pgf@writea=\write3
\r@pgf@reada=\read3
\c@pgf@counta=\count325
\c@pgf@countb=\count326
\c@pgf@countc=\count327
\c@pgf@countd=\count328
\t@pgf@toka=\toks32
\t@pgf@tokb=\toks33
\t@pgf@tokc=\toks34
\pgf@sys@id@count=\count329

(C:\Users\maximovrm\AppData\Local\Programs\MiKTeX\tex/generic/pgf/systemlayer\p
gf.cfg
File: pgf.cfg 2025-08-29 v3.1.11a (3.1.11a)
)
Driver file for pgf: pgfsys-xetex.def

(C:\Users\maximovrm\AppData\Local\Programs\MiKTeX\tex/generic/pgf/systemlayer\p
gfsys-xetex.def
File: pgfsys-xetex.def 2025-08-29 v3.1.11a (3.1.11a)

(C:\Users\maximovrm\AppData\Local\Programs\MiKTeX\tex/generic/pgf/systemlayer\p
gfsys-dvipdfmx.def
File: pgfsys-dvipdfmx.def 2025-08-29 v3.1.11a (3.1.11a)

(C:\Users\maximovrm\AppData\Local\Programs\MiKTeX\tex/generic/pgf/systemlayer\p
gfsys-common-pdf.def
File: pgfsys-common-pdf.def 2025-08-29 v3.1.11a (3.1.11a)
)
\pgfsys@objnum=\count330
)))
(C:\Users\maximovrm\AppData\Local\Programs\MiKTeX\tex/generic/pgf/systemlayer\p
gfsyssoftpath.code.tex
File: pgfsyssoftpath.code.tex 2025-08-29 v3.1.11a (3.1.11a)
\pgfsyssoftpath@smallbuffer@items=\count331
\pgfsyssoftpath@bigbuffer@items=\count332
)
(C:\Users\maximovrm\AppData\Local\Programs\MiKTeX\tex/generic/pgf/systemlayer\p
gfsysprotocol.code.tex
File: pgfsysprotocol.code.tex 2025-08-29 v3.1.11a (3.1.11a)
))
(C:\Users\maximovrm\AppData\Local\Programs\MiKTeX\tex/generic/pgf/basiclayer\pg
fcore.code.tex
Package: pgfcore 2025-08-29 v3.1.11a (3.1.11a)

(C:\Users\maximovrm\AppData\Local\Programs\MiKTeX\tex/generic/pgf/math\pgfmath.
code.tex
(C:\Users\maximovrm\AppData\Local\Programs\MiKTeX\tex/generic/pgf/math\pgfmathu
til.code.tex)
(C:\Users\maximovrm\AppData\Local\Programs\MiKTeX\tex/generic/pgf/math\pgfmathp
arser.code.tex
\pgfmath@dimen=\dimen196
\pgfmath@count=\count333
\pgfmath@box=\box105
\pgfmath@toks=\toks35
\pgfmath@stack@operand=\toks36
\pgfmath@stack@operation=\toks37
)
(C:\Users\maximovrm\AppData\Local\Programs\MiKTeX\tex/generic/pgf/math\pgfmathf
unctions.code.tex)
(C:\Users\maximovrm\AppData\Local\Programs\MiKTeX\tex/generic/pgf/math\pgfmathf
unctions.basic.code.tex)
(C:\Users\maximovrm\AppData\Local\Programs\MiKTeX\tex/generic/pgf/math\pgfmathf
unctions.trigonometric.code.tex)
(C:\Users\maximovrm\AppData\Local\Programs\MiKTeX\tex/generic/pgf/math\pgfmathf
unctions.random.code.tex)
(C:\Users\maximovrm\AppData\Local\Programs\MiKTeX\tex/generic/pgf/math\pgfmathf
unctions.comparison.code.tex)
(C:\Users\maximovrm\AppData\Local\Programs\MiKTeX\tex/generic/pgf/math\pgfmathf
unctions.base.code.tex)
(C:\Users\maximovrm\AppData\Local\Programs\MiKTeX\tex/generic/pgf/math\pgfmathf
unctions.round.code.tex)
(C:\Users\maximovrm\AppData\Local\Programs\MiKTeX\tex/generic/pgf/math\pgfmathf
unctions.misc.code.tex)
(C:\Users\maximovrm\AppData\Local\Programs\MiKTeX\tex/generic/pgf/math\pgfmathf
unctions.integerarithmetics.code.tex)
(C:\Users\maximovrm\AppData\Local\Programs\MiKTeX\tex/generic/pgf/math\pgfmathc
alc.code.tex)
(C:\Users\maximovrm\AppData\Local\Programs\MiKTeX\tex/generic/pgf/math\pgfmathf
loat.code.tex
\c@pgfmathroundto@lastzeros=\count334
))
(C:\Users\maximovrm\AppData\Local\Programs\MiKTeX\tex/generic/pgf/math\pgfint.c
ode.tex)
(C:\Users\maximovrm\AppData\Local\Programs\MiKTeX\tex/generic/pgf/basiclayer\pg
fcorepoints.code.tex
File: pgfcorepoints.code.tex 2025-08-29 v3.1.11a (3.1.11a)
\pgf@picminx=\dimen197
\pgf@picmaxx=\dimen198
\pgf@picminy=\dimen199
\pgf@picmaxy=\dimen256
\pgf@pathminx=\dimen257
\pgf@pathmaxx=\dimen258
\pgf@pathminy=\dimen259
\pgf@pathmaxy=\dimen260
\pgf@xx=\dimen261
\pgf@xy=\dimen262
\pgf@yx=\dimen263
\pgf@yy=\dimen264
\pgf@zx=\dimen265
\pgf@zy=\dimen266
)
(C:\Users\maximovrm\AppData\Local\Programs\MiKTeX\tex/generic/pgf/basiclayer\pg
fcorepathconstruct.code.tex
File: pgfcorepathconstruct.code.tex 2025-08-29 v3.1.11a (3.1.11a)
\pgf@path@lastx=\dimen267
\pgf@path@lasty=\dimen268
)
(C:\Users\maximovrm\AppData\Local\Programs\MiKTeX\tex/generic/pgf/basiclayer\pg
fcorepathusage.code.tex
File: pgfcorepathusage.code.tex 2025-08-29 v3.1.11a (3.1.11a)
\pgf@shorten@end@additional=\dimen269
\pgf@shorten@start@additional=\dimen270
)
(C:\Users\maximovrm\AppData\Local\Programs\MiKTeX\tex/generic/pgf/basiclayer\pg
fcorescopes.code.tex
File: pgfcorescopes.code.tex 2025-08-29 v3.1.11a (3.1.11a)
\pgfpic=\box106
\pgf@hbox=\box107
\pgf@layerbox@main=\box108
\pgf@picture@serial@count=\count335
)
(C:\Users\maximovrm\AppData\Local\Programs\MiKTeX\tex/generic/pgf/basiclayer\pg
fcoregraphicstate.code.tex
File: pgfcoregraphicstate.code.tex 2025-08-29 v3.1.11a (3.1.11a)
\pgflinewidth=\dimen271
)
(C:\Users\maximovrm\AppData\Local\Programs\MiKTeX\tex/generic/pgf/basiclayer\pg
fcoretransformations.code.tex
File: pgfcoretransformations.code.tex 2025-08-29 v3.1.11a (3.1.11a)
\pgf@pt@x=\dimen272
\pgf@pt@y=\dimen273
\pgf@pt@temp=\dimen274
)
(C:\Users\maximovrm\AppData\Local\Programs\MiKTeX\tex/generic/pgf/basiclayer\pg
fcorequick.code.tex
File: pgfcorequick.code.tex 2025-08-29 v3.1.11a (3.1.11a)
)
(C:\Users\maximovrm\AppData\Local\Programs\MiKTeX\tex/generic/pgf/basiclayer\pg
fcoreobjects.code.tex
File: pgfcoreobjects.code.tex 2025-08-29 v3.1.11a (3.1.11a)
)
(C:\Users\maximovrm\AppData\Local\Programs\MiKTeX\tex/generic/pgf/basiclayer\pg
fcorepathprocessing.code.tex
File: pgfcorepathprocessing.code.tex 2025-08-29 v3.1.11a (3.1.11a)
)
(C:\Users\maximovrm\AppData\Local\Programs\MiKTeX\tex/generic/pgf/basiclayer\pg
fcorearrows.code.tex
File: pgfcorearrows.code.tex 2025-08-29 v3.1.11a (3.1.11a)
\pgfarrowsep=\dimen275
)
(C:\Users\maximovrm\AppData\Local\Programs\MiKTeX\tex/generic/pgf/basiclayer\pg
fcoreshade.code.tex
File: pgfcoreshade.code.tex 2025-08-29 v3.1.11a (3.1.11a)
\pgf@max=\dimen276
\pgf@sys@shading@range@num=\count336
\pgf@shadingcount=\count337
)
(C:\Users\maximovrm\AppData\Local\Programs\MiKTeX\tex/generic/pgf/basiclayer\pg
fcoreimage.code.tex
File: pgfcoreimage.code.tex 2025-08-29 v3.1.11a (3.1.11a)
)
(C:\Users\maximovrm\AppData\Local\Programs\MiKTeX\tex/generic/pgf/basiclayer\pg
fcoreexternal.code.tex
File: pgfcoreexternal.code.tex 2025-08-29 v3.1.11a (3.1.11a)
\pgfexternal@startupbox=\box109
)
(C:\Users\maximovrm\AppData\Local\Programs\MiKTeX\tex/generic/pgf/basiclayer\pg
fcorelayers.code.tex
File: pgfcorelayers.code.tex 2025-08-29 v3.1.11a (3.1.11a)
)
(C:\Users\maximovrm\AppData\Local\Programs\MiKTeX\tex/generic/pgf/basiclayer\pg
fcoretransparency.code.tex
File: pgfcoretransparency.code.tex 2025-08-29 v3.1.11a (3.1.11a)
)
(C:\Users\maximovrm\AppData\Local\Programs\MiKTeX\tex/generic/pgf/basiclayer\pg
fcorepatterns.code.tex
File: pgfcorepatterns.code.tex 2025-08-29 v3.1.11a (3.1.11a)
)
(C:\Users\maximovrm\AppData\Local\Programs\MiKTeX\tex/generic/pgf/basiclayer\pg
fcorerdf.code.tex
File: pgfcorerdf.code.tex 2025-08-29 v3.1.11a (3.1.11a)
)))
(C:\Users\maximovrm\AppData\Local\Programs\MiKTeX\tex/generic/pgf/modules\pgfmo
duleshapes.code.tex
File: pgfmoduleshapes.code.tex 2025-08-29 v3.1.11a (3.1.11a)
\pgfnodeparttextbox=\box110
)
(C:\Users\maximovrm\AppData\Local\Programs\MiKTeX\tex/generic/pgf/modules\pgfmo
duleplot.code.tex
File: pgfmoduleplot.code.tex 2025-08-29 v3.1.11a (3.1.11a)
)
(C:\Users\maximovrm\AppData\Local\Programs\MiKTeX\tex/latex/pgf/compatibility\p
gfcomp-version-0-65.sty
Package: pgfcomp-version-0-65 2025-08-29 v3.1.11a (3.1.11a)
\pgf@nodesepstart=\dimen277
\pgf@nodesepend=\dimen278
)
(C:\Users\maximovrm\AppData\Local\Programs\MiKTeX\tex/latex/pgf/compatibility\p
gfcomp-version-1-18.sty
Package: pgfcomp-version-1-18 2025-08-29 v3.1.11a (3.1.11a)
))
(C:\Users\maximovrm\AppData\Local\Programs\MiKTeX\tex/latex/pgf/utilities\pgffo
r.sty
(C:\Users\maximovrm\AppData\Local\Programs\MiKTeX\tex/latex/pgf/utilities\pgfke
ys.sty
(C:\Users\maximovrm\AppData\Local\Programs\MiKTeX\tex/generic/pgf/utilities\pgf
keys.code.tex))
(C:\Users\maximovrm\AppData\Local\Programs\MiKTeX\tex/latex/pgf/math\pgfmath.st
y
(C:\Users\maximovrm\AppData\Local\Programs\MiKTeX\tex/generic/pgf/math\pgfmath.
code.tex))
(C:\Users\maximovrm\AppData\Local\Programs\MiKTeX\tex/generic/pgf/utilities\pgf
for.code.tex
Package: pgffor 2025-08-29 v3.1.11a (3.1.11a)
\pgffor@iter=\dimen279
\pgffor@skip=\dimen280
\pgffor@stack=\toks38
\pgffor@toks=\toks39
))
(C:\Users\maximovrm\AppData\Local\Programs\MiKTeX\tex/generic/pgf/frontendlayer
/tikz\tikz.code.tex
Package: tikz 2025-08-29 v3.1.11a (3.1.11a)

(C:\Users\maximovrm\AppData\Local\Programs\MiKTeX\tex/generic/pgf/libraries\pgf
libraryplothandlers.code.tex
File: pgflibraryplothandlers.code.tex 2025-08-29 v3.1.11a (3.1.11a)
\pgf@plot@mark@count=\count338
\pgfplotmarksize=\dimen281
)
\tikz@lastx=\dimen282
\tikz@lasty=\dimen283
\tikz@lastxsaved=\dimen284
\tikz@lastysaved=\dimen285
\tikz@lastmovetox=\dimen286
\tikz@lastmovetoy=\dimen287
\tikzleveldistance=\dimen288
\tikzsiblingdistance=\dimen289
\tikz@figbox=\box111
\tikz@figbox@bg=\box112
\tikz@tempbox=\box113
\tikz@tempbox@bg=\box114
\tikztreelevel=\count339
\tikznumberofchildren=\count340
\tikznumberofcurrentchild=\count341
\tikz@fig@count=\count342

(C:\Users\maximovrm\AppData\Local\Programs\MiKTeX\tex/generic/pgf/modules\pgfmo
dulematrix.code.tex
File: pgfmodulematrix.code.tex 2025-08-29 v3.1.11a (3.1.11a)
\pgfmatrixcurrentrow=\count343
\pgfmatrixcurrentcolumn=\count344
\pgf@matrix@numberofcolumns=\count345
)
\tikz@expandcount=\count346

(C:\Users\maximovrm\AppData\Local\Programs\MiKTeX\tex/generic/pgf/frontendlayer
/tikz/libraries\tikzlibrarytopaths.code.tex
File: tikzlibrarytopaths.code.tex 2025-08-29 v3.1.11a (3.1.11a)
)))
(C:\Users\maximovrm\AppData\Local\Programs\MiKTeX\tex/latex/tools\verbatim.sty
Package: verbatim 2024-01-22 v1.5x LaTeX2e package for verbatim enhancements
\every@verbatim=\toks40
\verbatim@line=\toks41
\verbatim@in@stream=\read4
)
(C:\Users\maximovrm\AppData\Local\Programs\MiKTeX\tex/latex/environ\environ.sty
Package: environ 2014/05/04 v0.3 A new way to define environments

(C:\Users\maximovrm\AppData\Local\Programs\MiKTeX\tex/latex/trimspaces\trimspac
es.sty
Package: trimspaces 2009/09/17 v1.1 Trim spaces around a token list
))
\tcb@titlebox=\box115
\tcb@upperbox=\box116
\tcb@lowerbox=\box117
\tcb@phantombox=\box118
\c@tcbbreakpart=\count347
\c@tcblayer=\count348
\c@tcolorbox@number=\count349
\l__tcobox_tmpa_box=\box119
\l__tcobox_tmpa_dim=\dimen290
\tcb@temp=\box120
\tcb@temp=\box121
\tcb@temp=\box122
\tcb@temp=\box123

(C:\Users\maximovrm\AppData\Local\Programs\MiKTeX\tex/latex/tcolorbox\tcbraster
.code.tex
Library (tcolorbox): 'tcbraster.code.tex' version '6.9.0'
\c@tcbrastercolumn=\count350
\c@tcbrasterrow=\count351
\c@tcbrasternum=\count352
\c@tcbraster=\count353
)
(C:\Users\maximovrm\AppData\Local\Programs\MiKTeX\tex/latex/tcolorbox\tcbskins.
code.tex
Library (tcolorbox): 'tcbskins.code.tex' version '6.9.0'

(C:\Users\maximovrm\AppData\Local\Programs\MiKTeX\tex/latex/tikzfill\tikzfill.i
mage.sty
Package: tikzfill.image 2026/04/23 v1.2.0 Image filling library for TikZ

(C:\Users\maximovrm\AppData\Local\Programs\MiKTeX\tex/latex/tikzfill\tikzlibrar
yfill.image.code.tex
File: tikzlibraryfill.image.code.tex 2026/04/23 v1.2.0 Image filling library
\l__tikzfill_tmpa_dim=\dimen291
\l__tikzfill_tmpb_dim=\dimen292
\l__tikzfill_img_box=\box124
))
(C:\Users\maximovrm\AppData\Local\Programs\MiKTeX\tex/latex/tcolorbox\tcbskinsj
igsaw.code.tex
Library (tcolorbox): 'tcbskinsjigsaw.code.tex' version '6.9.0'
))
(C:\Users\maximovrm\AppData\Local\Programs\MiKTeX\tex/latex/tcolorbox\tcbbreaka
ble.code.tex
Library (tcolorbox): 'tcbbreakable.code.tex' version '6.9.0'
(C:\Users\maximovrm\AppData\Local\Programs\MiKTeX\tex/latex/pdfcol\pdfcol.sty
Package: pdfcol 2022-09-21 v1.7 Handle new color stacks for pdfTeX (HO)

(C:\Users\maximovrm\AppData\Local\Programs\MiKTeX\tex/generic/infwarerr\infware
rr.sty
Package: infwarerr 2019/12/03 v1.5 Providing info/warning/error messages (HO)
)
Package pdfcol Info: Interface disabled because of missing PDF mode of pdfTeX.
)
Package pdfcol Info: pdfTeX's color stacks are not available.
\tcb@testbox=\box125
\tcb@totalupperbox=\box126
\tcb@totallowerbox=\box127
)
(C:\Users\maximovrm\AppData\Local\Programs\MiKTeX\tex/latex/tcolorbox\tcbhooks.
code.tex
Library (tcolorbox): 'tcbhooks.code.tex' version '6.9.0'
)
(C:\Users\maximovrm\AppData\Local\Programs\MiKTeX\tex/latex/tcolorbox\tcbtheore
ms.code.tex
Library (tcolorbox): 'tcbtheorems.code.tex' version '6.9.0'
)
(C:\Users\maximovrm\AppData\Local\Programs\MiKTeX\tex/latex/tcolorbox\tcbfittin
g.code.tex
Library (tcolorbox): 'tcbfitting.code.tex' version '6.9.0'
\tcbfitdim=\dimen293
\tcb@lowerfitdim=\dimen294
\tcb@upperfitdim=\dimen295
\tcb@cur@hbadness=\count354
)
(C:\Users\maximovrm\AppData\Local\Programs\MiKTeX\tex/latex/tcolorbox\tcblistin
gsutf8.code.tex
Library (tcolorbox): 'tcblistingsutf8.code.tex' version '6.9.0'

(C:\Users\maximovrm\AppData\Local\Programs\MiKTeX\tex/latex/tcolorbox\tcblistin
gs.code.tex
Library (tcolorbox): 'tcblistings.code.tex' version '6.9.0'

(C:\Users\maximovrm\AppData\Local\Programs\MiKTeX\tex/latex/listings\listings.s
ty
\lst@mode=\count355
\lst@gtempboxa=\box128
\lst@token=\toks42
\lst@length=\count356
\lst@currlwidth=\dimen296
\lst@column=\count357
\lst@pos=\count358
\lst@lostspace=\dimen297
\lst@width=\dimen298
\lst@newlines=\count359
\lst@lineno=\count360
\lst@maxwidth=\dimen299

(C:\Users\maximovrm\AppData\Local\Programs\MiKTeX\tex/latex/listings\lstpatch.s
ty
File: lstpatch.sty 2025/11/14 1.11b (Carsten Heinz)
)
(C:\Users\maximovrm\AppData\Local\Programs\MiKTeX\tex/latex/listings\lstmisc.st
y
File: lstmisc.sty 2025/11/14 1.11b (Carsten Heinz)
\c@lstnumber=\count361
\lst@skipnumbers=\count362
\lst@framebox=\box129
)
(C:\Users\maximovrm\AppData\Local\Programs\MiKTeX\tex/latex/listings\listings.c
fg
File: listings.cfg 2025/11/14 1.11b listings configuration
))
Package: listings 2025/11/14 1.11b (Carsten Heinz)

==> First Aid for listings.sty no longer applied!
    Expected:
        2024/09/23 1.10c (Carsten Heinz)
    but found:
        2025/11/14 1.11b (Carsten Heinz)
    so I'm assuming it got fixed.

(C:\Users\maximovrm\AppData\Local\Programs\MiKTeX\tex/latex/tcolorbox\tcblistin
gscore.code.tex
Library (tcolorbox): 'tcblistingscore.code.tex' version '6.9.0'

(C:\Users\maximovrm\AppData\Local\Programs\MiKTeX\tex/latex/tcolorbox\tcbproces
sing.code.tex
Library (tcolorbox): 'tcbprocessing.code.tex' version '6.9.0'
)
\c@tcblisting=\count363
))
Package tcolorbox Info: Library `listingsutf8' is compatible with pdftex only. 
Library `listings` is loaded instead. on input line 29.
)
(C:\Users\maximovrm\AppData\Local\Programs\MiKTeX\tex/latex/tcolorbox\tcbextern
al.code.tex
Library (tcolorbox): 'tcbexternal.code.tex' version '6.9.0'
)
(C:\Users\maximovrm\AppData\Local\Programs\MiKTeX\tex/latex/tcolorbox\tcbmagazi
ne.code.tex
Library (tcolorbox): 'tcbmagazine.code.tex' version '6.9.0'
)
(C:\Users\maximovrm\AppData\Local\Programs\MiKTeX\tex/latex/tcolorbox\tcbvignet
te.code.tex
Library (tcolorbox): 'tcbvignette.code.tex' version '6.9.0'

(C:\Users\maximovrm\AppData\Local\Programs\MiKTeX\tex/generic/pgf/frontendlayer
/tikz/libraries\tikzlibraryfadings.code.tex
File: tikzlibraryfadings.code.tex 2025-08-29 v3.1.11a (3.1.11a)

(C:\Users\maximovrm\AppData\Local\Programs\MiKTeX\tex/generic/pgf/libraries\pgf
libraryfadings.code.tex
File: pgflibraryfadings.code.tex 2025-08-29 v3.1.11a (3.1.11a)
)))
(C:\Users\maximovrm\AppData\Local\Programs\MiKTeX\tex/latex/tcolorbox\tcbposter
.code.tex
Library (tcolorbox): 'tcbposter.code.tex' version '6.9.0'
))
(C:\Users\maximovrm\AppData\Local\Programs\MiKTeX\tex/latex/fancyhdr\fancyhdr.s
ty
Package: fancyhdr 2025/02/07 v5.2 Extensive control of page headers and footers

\f@nch@headwidth=\skip60
\f@nch@offset@elh=\skip61
\f@nch@offset@erh=\skip62
\f@nch@offset@olh=\skip63
\f@nch@offset@orh=\skip64
\f@nch@offset@elf=\skip65
\f@nch@offset@erf=\skip66
\f@nch@offset@olf=\skip67
\f@nch@offset@orf=\skip68
\f@nch@height=\skip69
\f@nch@footalignment=\skip70
\f@nch@widthL=\skip71
\f@nch@widthC=\skip72
\f@nch@widthR=\skip73
\@temptokenb=\toks43
))
No file probabilidade.aux.
\openout1 = `probabilidade.aux'.

LaTeX Font Info:    Checking defaults for OML/cmm/m/it on input line 12.
LaTeX Font Info:    ... okay on input line 12.
LaTeX Font Info:    Checking defaults for OMS/cmsy/m/n on input line 12.
LaTeX Font Info:    ... okay on input line 12.
LaTeX Font Info:    Checking defaults for OT1/cmr/m/n on input line 12.
LaTeX Font Info:    ... okay on input line 12.
LaTeX Font Info:    Checking defaults for T1/cmr/m/n on input line 12.
LaTeX Font Info:    ... okay on input line 12.
LaTeX Font Info:    Checking defaults for TS1/cmr/m/n on input line 12.
LaTeX Font Info:    ... okay on input line 12.
LaTeX Font Info:    Checking defaults for TU/lmr/m/n on input line 12.
LaTeX Font Info:    ... okay on input line 12.
LaTeX Font Info:    Checking defaults for OMX/cmex/m/n on input line 12.
LaTeX Font Info:    ... okay on input line 12.
LaTeX Font Info:    Checking defaults for U/cmr/m/n on input line 12.
LaTeX Font Info:    ... okay on input line 12.
Package babel Info: 'brazil' activates 'portuges' shorthands.
(babel)             Reported on input line 12.

Package fontspec Info: 
(fontspec)             Adjusting the maths setup (use [no-math] to avoid
(fontspec)             this).

\symlegacymaths=\mathgroup6
LaTeX Font Info:    Overwriting symbol font `legacymaths' in version `bold'
(Font)                  OT1/cmr/m/n --> OT1/cmr/bx/n on input line 12.
LaTeX Font Info:    Redeclaring math accent \acute on input line 12.
LaTeX Font Info:    Redeclaring math accent \grave on input line 12.
LaTeX Font Info:    Redeclaring math accent \ddot on input line 12.
LaTeX Font Info:    Redeclaring math accent \tilde on input line 12.
LaTeX Font Info:    Redeclaring math accent \bar on input line 12.
LaTeX Font Info:    Redeclaring math accent \breve on input line 12.
LaTeX Font Info:    Redeclaring math accent \check on input line 12.
LaTeX Font Info:    Redeclaring math accent \hat on input line 12.
LaTeX Font Info:    Redeclaring math accent \dot on input line 12.
LaTeX Font Info:    Redeclaring math accent \mathring on input line 12.
LaTeX Font Info:    Redeclaring math symbol \Gamma on input line 12.
LaTeX Font Info:    Redeclaring math symbol \Delta on input line 12.
LaTeX Font Info:    Redeclaring math symbol \Theta on input line 12.
LaTeX Font Info:    Redeclaring math symbol \Lambda on input line 12.
LaTeX Font Info:    Redeclaring math symbol \Xi on input line 12.
LaTeX Font Info:    Redeclaring math symbol \Pi on input line 12.
LaTeX Font Info:    Redeclaring math symbol \Sigma on input line 12.
LaTeX Font Info:    Redeclaring math symbol \Upsilon on input line 12.
LaTeX Font Info:    Redeclaring math symbol \Phi on input line 12.
LaTeX Font Info:    Redeclaring math symbol \Psi on input line 12.
LaTeX Font Info:    Redeclaring math symbol \Omega on input line 12.
LaTeX Font Info:    Redeclaring math symbol \mathdollar on input line 12.
LaTeX Font Info:    Redeclaring symbol font `operators' on input line 12.
LaTeX Font Info:    Encoding `OT1' has changed to `TU' for symbol font
(Font)              `operators' in the math version `normal' on input line 12.
LaTeX Font Info:    Overwriting symbol font `operators' in version `normal'
(Font)                  OT1/cmr/m/n --> TU/Inter18pt(0)/m/n on input line 12.
LaTeX Font Info:    Encoding `OT1' has changed to `TU' for symbol font
(Font)              `operators' in the math version `bold' on input line 12.
LaTeX Font Info:    Overwriting symbol font `operators' in version `bold'
(Font)                  OT1/cmr/bx/n --> TU/Inter18pt(0)/m/n on input line 12.
LaTeX Font Info:    Overwriting symbol font `operators' in version `normal'
(Font)                  TU/Inter18pt(0)/m/n --> TU/Inter18pt(0)/m/n on input li
ne 12.
LaTeX Font Info:    Overwriting math alphabet `\mathit' in version `normal'
(Font)                  OT1/cmr/m/it --> TU/Inter18pt(0)/m/it on input line 12.

LaTeX Font Info:    Overwriting math alphabet `\mathbf' in version `normal'
(Font)                  OT1/cmr/bx/n --> TU/Inter18pt(0)/b/n on input line 12.
LaTeX Font Info:    Overwriting math alphabet `\mathsf' in version `normal'
(Font)                  OT1/cmss/m/n --> TU/lmss/m/n on input line 12.
LaTeX Font Info:    Overwriting math alphabet `\mathtt' in version `normal'
(Font)                  OT1/cmtt/m/n --> TU/lmtt/m/n on input line 12.
LaTeX Font Info:    Overwriting symbol font `operators' in version `bold'
(Font)                  TU/Inter18pt(0)/m/n --> TU/Inter18pt(0)/b/n on input li
ne 12.
LaTeX Font Info:    Overwriting math alphabet `\mathit' in version `bold'
(Font)                  OT1/cmr/bx/it --> TU/Inter18pt(0)/b/it on input line 12
.
LaTeX Font Info:    Overwriting math alphabet `\mathsf' in version `bold'
(Font)                  OT1/cmss/bx/n --> TU/lmss/b/n on input line 12.
LaTeX Font Info:    Overwriting math alphabet `\mathtt' in version `bold'
(Font)                  OT1/cmtt/m/n --> TU/lmtt/b/n on input line 12.
LaTeX Info: Redefining \microtypecontext on input line 12.
Package microtype Info: Applying patch `item' on input line 12.
Package microtype Info: Applying patch `toc' on input line 12.
Package microtype Info: Applying patch `eqnum' on input line 12.
Package microtype Info: Applying patch `footnote' on input line 12.
Package microtype Info: Applying patch `verbatim' on input line 12.
LaTeX Info: Redefining \microtypesetup on input line 12.
Package microtype Info: Character protrusion enabled (level 2).
Package microtype Info: Using default protrusion set `alltext'.
Package microtype Info: No adjustment of tracking.
Package microtype Info: No adjustment of spacing.
Package microtype Info: No adjustment of kerning.
Package microtype Info: Loading generic protrusion settings for font family
(microtype)             `Inter18pt' (encoding: TU).
(microtype)             For optimal results, create family-specific settings.
(microtype)             See the microtype manual for details.
Package microtype Info: Character `"AD (= "AD)' is missing
(microtype)             in font `\TU/Inter18pt(0)/m/n/12'.
(microtype)             Ignoring protrusion settings for this character.
*geometry* driver: auto-detecting
*geometry* detected driver: xetex
*geometry* verbose mode - [ preamble ] result:
* driver: xetex
* paper: a4paper
* layout: <same size as paper>
* layoutoffset:(h,v)=(0.0pt,0.0pt)
* modes: 
* h-part:(L,W,R)=(42.67912pt, 512.14963pt, 42.67912pt)
* v-part:(T,H,B)=(42.67912pt, 722.69992pt, 79.6678pt)
* \paperwidth=597.50787pt
* \paperheight=845.04684pt
* \textwidth=512.14963pt
* \textheight=722.69992pt
* \oddsidemargin=-29.59087pt
* \evensidemargin=-29.59087pt
* \topmargin=-66.59087pt
* \headheight=12.0pt
* \headsep=25.0pt
* \topskip=12.0pt
* \footskip=36.98866pt
* \marginparwidth=44.0pt
* \marginparsep=10.0pt
* \columnsep=10.0pt
* \skip\footins=10.8pt plus 4.0pt minus 2.0pt
* \hoffset=0.0pt
* \voffset=0.0pt
* \mag=1000
* \@twocolumnfalse
* \@twosidefalse
* \@mparswitchfalse
* \@reversemarginfalse
* (1in=72.27pt=25.4mm, 1cm=28.453pt)

\c@lstlisting=\count364
LaTeX Font Info:    Trying to load font information for U+msa on input line 31.

(C:\Users\maximovrm\AppData\Local\Programs\MiKTeX\tex/latex/amsfonts\umsa.fd
File: umsa.fd 2013/01/14 v3.01 AMS symbols A
)
(C:\Users\maximovrm\AppData\Local\Programs\MiKTeX\tex/latex/microtype\mt-msa.cf
g
File: mt-msa.cfg 2006/02/04 v1.1 microtype config. file: AMS symbols (a) (RS)
)
LaTeX Font Info:    Trying to load font information for U+msb on input line 31.

 (C:\Users\maximovrm\AppData\Local\Programs\MiKTeX\tex/latex/amsfonts\umsb.fd
File: umsb.fd 2013/01/14 v3.01 AMS symbols B
)
(C:\Users\maximovrm\AppData\Local\Programs\MiKTeX\tex/latex/microtype\mt-msb.cf
g
File: mt-msb.cfg 2005/06/01 v1.0 microtype config. file: AMS symbols (b) (RS)
)
(C:\Users\maximovrm\AppData\Local\Programs\MiKTeX\tex/latex/microtype\mt-cmr.cf
g
File: mt-cmr.cfg 2013/05/19 v2.2 microtype config. file: Computer Modern Roman 
(RS)
)
Underfull \hbox (badness 5592) in paragraph at lines 31--31
[]\TU/Inter18pt(0)/m/n/10.95 Probabilidade é a medida numérica da
 []


Overfull \hbox (14.32549pt too wide) in paragraph at lines 113--113
[]$[][]$ 
 []

[1

]
Underfull \hbox (badness 10000) in paragraph at lines 115--115
[]\TU/Inter18pt(0)/b/n/10.95 Atenção: \TU/Inter18pt(0)/m/n/10.95 funciona para 
lançamen-
 []

[2]
Underfull \hbox (badness 10000) in paragraph at lines 230--230
[]\TU/Inter18pt(0)/b/n/10.95 Fábrica: 10% defeituosas, lote de 4.
 []

[3]
(C:\Users\maximovrm\git\PratiqueJa\PratiqueJa\tex-new\avancado\probabilidade\pr
obabilidade.aux)
 ***********
LaTeX2e <2025-11-01>
L3 programming layer <2025-12-24>
 ***********
 ) 
Here is how much of TeX's memory you used:
 26669 strings out of 402987
 596674 string characters out of 5447696
 1195318 words of memory out of 5000000
 54975 multiletter control sequences out of 15000+600000
 632545 words of font info for 80 fonts, out of 8000000 for 9000
 1348 hyphenation exceptions out of 8191
 113i,11n,122p,1043b,1105s stack positions out of 10000i,1000n,20000p,200000b,200000s

Output written on C:\Users\maximovrm\git\PratiqueJa\PratiqueJa\tex-new\avancado
\probabilidade\probabilidade.pdf (3 pages).
